<?xml version="1.0" encoding="UTF-8"?>
<!-- Generated by org.testng.reporters.JUnitReportReporter -->
<testsuite hostname="DESKTOP-SOE6AFE" failures="0" tests="1" name="testNG_Day1.BasicAnnotations" time="0.025" errors="0" timestamp="2023-11-28T18:20:32 EST" skipped="0">
  <testcase classname="testNG_Day1.BasicAnnotations" name="test1" time="0.025"/>
</testsuite> <!-- testNG_Day1.BasicAnnotations -->
