<?xml version="1.0" encoding="UTF-8"?>
<!-- Generated by org.testng.reporters.JUnitReportReporter -->
<testsuite hostname="DESKTOP-SOE6AFE" failures="0" tests="1" name="TestNG_DAY2.parameterizedTest" time="0.046" errors="0" timestamp="2023-11-27T20:36:58 EST" skipped="0">
  <testcase classname="TestNG_DAY2.parameterizedTest" name="parameterTest" time="0.046"/>
</testsuite> <!-- TestNG_DAY2.parameterizedTest -->
