<?xml version="1.0" encoding="UTF-8"?>
<!-- Generated by org.testng.reporters.JUnitReportReporter -->
<testsuite hostname="DESKTOP-SOE6AFE" failures="0" tests="4" name="TestNG_DAY2.parawithDataprovider" time="0.022" errors="0" timestamp="2023-11-27T21:18:40 EST" skipped="0">
  <testcase classname="TestNG_DAY2.parawithDataprovider" name="printDataProvider" time="0.002"/>
  <testcase classname="TestNG_DAY2.parawithDataprovider" name="printDataProvider" time="0.003"/>
  <testcase classname="TestNG_DAY2.parawithDataprovider" name="printDataProvider" time="0.003"/>
  <testcase classname="TestNG_DAY2.parawithDataprovider" name="printDataProvider" time="0.014"/>
</testsuite> <!-- TestNG_DAY2.parawithDataprovider -->
