<?xml version="1.0" encoding="UTF-8"?>
<!-- Generated by org.testng.reporters.JUnitReportReporter -->
<testsuite hostname="DESKTOP-SOE6AFE" failures="0" tests="1" name="testNG_Day1.IgnoringTests" time="0.004" errors="0" timestamp="2023-11-28T18:20:32 EST" skipped="0">
  <testcase classname="testNG_Day1.IgnoringTests" name="testprintMessage" time="0.004"/>
</testsuite> <!-- testNG_Day1.IgnoringTests -->
