<?xml version="1.0" encoding="UTF-8"?>
<!-- Generated by org.testng.reporters.JUnitReportReporter -->
<testsuite hostname="DESKTOP-SOE6AFE" failures="0" tests="2" name="TestNG_DAY2.DependencyTestUsingAnnotation" time="0.023" errors="0" timestamp="2023-11-27T20:11:34 EST" skipped="0">
  <testcase classname="TestNG_DAY2.DependencyTestUsingAnnotation" name="TestprintMessage" time="0.020"/>
  <testcase classname="TestNG_DAY2.DependencyTestUsingAnnotation" name="testSalutationTopGautam" time="0.003"/>
</testsuite> <!-- TestNG_DAY2.DependencyTestUsingAnnotation -->
