<?xml version="1.0" encoding="UTF-8"?>
<!-- Generated by org.testng.reporters.JUnitReportReporter -->
<testsuite hostname="DESKTOP-SOE6AFE" failures="0" tests="3" name="TestNG_DAY2.DependencyTest0nGroup" time="0.025" errors="0" timestamp="2023-11-27T20:07:32 EST" skipped="0">
  <testcase classname="TestNG_DAY2.DependencyTest0nGroup" name="testvprintMessage" time="0.003"/>
  <testcase classname="TestNG_DAY2.DependencyTest0nGroup" name="testSaluteGroup" time="0.020"/>
  <testcase classname="TestNG_DAY2.DependencyTest0nGroup" name="testSaluteGroups" time="0.002"/>
</testsuite> <!-- TestNG_DAY2.DependencyTest0nGroup -->
