<?xml version="1.0" encoding="UTF-8"?>
<!-- Generated by org.testng.reporters.JUnitReportReporter -->
<testsuite hostname="DESKTOP-SOE6AFE" failures="0" tests="2" name="TestNG_DAY2.Testparallel" time="12.090" errors="0" timestamp="2023-11-28T18:19:09 EST" skipped="0">
  <testcase classname="TestNG_DAY2.Testparallel" name="method2" time="2.414"/>
  <testcase classname="TestNG_DAY2.Testparallel" name="method1" time="9.676"/>
</testsuite> <!-- TestNG_DAY2.Testparallel -->
